[debug] [2022-10-20T16:45:39.028Z] ----------------------------------------------------------------------
[debug] [2022-10-20T16:45:39.031Z] Command:       /home/shehzad/.nvm/versions/node/v18.10.0/bin/node /home/shehzad/.nvm/versions/node/v18.10.0/bin/firebase init
[debug] [2022-10-20T16:45:39.033Z] CLI Version:   11.14.3
[debug] [2022-10-20T16:45:39.033Z] Platform:      linux
[debug] [2022-10-20T16:45:39.033Z] Node Version:  v18.10.0
[debug] [2022-10-20T16:45:39.049Z] Time:          Thu Oct 20 2022 21:45:39 GMT+0500 (Pakistan Standard Time)
[debug] [2022-10-20T16:45:39.050Z] ----------------------------------------------------------------------
[debug] 
[debug] [2022-10-20T16:45:39.055Z] >>> [apiv2][query] GET https://firebase-public.firebaseio.com/cli.json [none]
[debug] [2022-10-20T16:45:39.140Z] > command requires scopes: ["email","openid","https://www.googleapis.com/auth/cloudplatformprojects.readonly","https://www.googleapis.com/auth/firebase","https://www.googleapis.com/auth/cloud-platform"]
[debug] [2022-10-20T16:45:39.140Z] > authorizing via signed-in user (shehzaddiqbal@gmail.com)
[info] 
     ######## #### ########  ######## ########     ###     ######  ########
     ##        ##  ##     ## ##       ##     ##  ##   ##  ##       ##
     ######    ##  ########  ######   ########  #########  ######  ######
     ##        ##  ##    ##  ##       ##     ## ##     ##       ## ##
     ##       #### ##     ## ######## ########  ##     ##  ######  ########

You're about to initialize a Firebase project in this directory:

  /home/shehzad/sPROgramming/news

[debug] [2022-10-20T16:45:39.751Z] <<< [apiv2][status] GET https://firebase-public.firebaseio.com/cli.json 200
[debug] [2022-10-20T16:45:39.751Z] <<< [apiv2][body] GET https://firebase-public.firebaseio.com/cli.json {"cloudBuildErrorAfter":1594252800000,"cloudBuildWarnAfter":1590019200000,"defaultNode10After":1594252800000,"minVersion":"3.0.5","node8DeploysDisabledAfter":1613390400000,"node8RuntimeDisabledAfter":1615809600000,"node8WarnAfter":1600128000000}
